<?xml version="1.0" encoding="UTF-8"?>
<testng-results ignored="0" total="1" passed="1" failed="0" skipped="0">
  <reporter-output>
  </reporter-output>
  <suite started-at="2026-03-18T13:57:58 GMT" name="TestAutomationSuite" finished-at="2026-03-18T13:57:58 GMT" duration-ms="22">
    <groups>
    </groups>
    <test started-at="2026-03-18T13:57:58 GMT" name="VirtusaAssignmentTest" finished-at="2026-03-18T13:57:58 GMT" duration-ms="22">
      <class name="com.assignment.ui.qa.test.SampleTest">
        <test-method signature="testDemo()[pri:0, instance:com.assignment.ui.qa.test.SampleTest@3bb9a3ff]" started-at="2026-03-18T13:57:58 GMT" name="testDemo" finished-at="2026-03-18T13:57:58 GMT" duration-ms="2" status="PASS">
          <reporter-output>
          </reporter-output>
        </test-method> <!-- testDemo -->
      </class> <!-- com.assignment.ui.qa.test.SampleTest -->
    </test> <!-- VirtusaAssignmentTest -->
  </suite> <!-- TestAutomationSuite -->
</testng-results>
